<?xml version="1.0" encoding="UTF-8"?>
<testng-results ignored="0" total="1" passed="1" failed="0" skipped="0">
  <reporter-output>
  </reporter-output>
  <suite started-at="2022-07-11T17:18:02 CEST" name="Surefire suite" finished-at="2022-07-11T17:18:04 CEST" duration-ms="2849">
    <groups>
    </groups>
    <test started-at="2022-07-11T17:18:02 CEST" name="Surefire test" finished-at="2022-07-11T17:18:04 CEST" duration-ms="2849">
      <class name="com.it_academy.test.OnlinerTest">
        <test-method is-config="true" signature="navigateToOnlinerPage()[pri:0, instance:com.it_academy.test.OnlinerTest@146587a2]" started-at="2022-07-11T17:18:02 CEST" name="navigateToOnlinerPage" finished-at="2022-07-11T17:18:04 CEST" duration-ms="2508" status="PASS">
          <reporter-output>
          </reporter-output>
        </test-method> <!-- navigateToOnlinerPage -->
        <test-method signature="testOnlinerBrowserTitle()[pri:0, instance:com.it_academy.test.OnlinerTest@146587a2]" started-at="2022-07-11T17:18:04 CEST" name="testOnlinerBrowserTitle" finished-at="2022-07-11T17:18:04 CEST" duration-ms="3" status="PASS">
          <reporter-output>
          </reporter-output>
        </test-method> <!-- testOnlinerBrowserTitle -->
        <test-method is-config="true" signature="closeBrowser()[pri:0, instance:com.it_academy.test.OnlinerTest@146587a2]" started-at="2022-07-11T17:18:04 CEST" name="closeBrowser" finished-at="2022-07-11T17:18:04 CEST" duration-ms="280" status="PASS">
          <reporter-output>
          </reporter-output>
        </test-method> <!-- closeBrowser -->
      </class> <!-- com.it_academy.test.OnlinerTest -->
    </test> <!-- Surefire test -->
  </suite> <!-- Surefire suite -->
</testng-results>
