<?xml version="1.0" encoding="UTF-8"?>
<testsuite xmlns:xsi="http://www.w3.org/2001/XMLSchema-instance" xsi:noNamespaceSchemaLocation="https://maven.apache.org/surefire/maven-surefire-plugin/xsd/surefire-test-report.xsd" name="com.it_academy.testng.runner.OnlinerTestRunner" time="1.197" tests="1" errors="0" skipped="0" failures="1">
  <properties>
[...]
</properties>
  <testcase name="runScenario" classname="com.it_academy.testng.runner.OnlinerTestRunner" time="0.141">
    <failure message="The step &apos;the user opens Cucumber website&apos; and 3 other step(s) are undefined.&#10;You can implement these steps using the snippet(s) below:&#10;&#10;@Given(&quot;the user opens Cucumber website&quot;)&#10;public void the_user_opens_cucumber_website() {&#10;    // Write code here that turns the phrase above into concrete actions&#10;    throw new io.cucumber.java.PendingException();&#10;}&#10;@When(&quot;the user clicks on the {string} section&quot;)&#10;public void the_user_clicks_on_the_section(String string) {&#10;    // Write code here that turns the phrase above into concrete actions&#10;    throw new io.cucumber.java.PendingException();&#10;}&#10;@When(&quot;the user clicks on the {string} item&quot;)&#10;public void the_user_clicks_on_the_item(String string) {&#10;    // Write code here that turns the phrase above into concrete actions&#10;    throw new io.cucumber.java.PendingException();&#10;}&#10;@Then(&quot;page with title {string} is displayed&quot;)&#10;public void page_with_title_is_displayed(String string) {&#10;    // Write code here that turns the phrase above into concrete actions&#10;    throw new io.cucumber.java.PendingException();&#10;}&#10;" type="io.cucumber.testng.UndefinedStepException">io.cucumber.testng.UndefinedStepException: 
The step 'the user opens Cucumber website' and 3 other step(s) are undefined.
You can implement these steps using the snippet(s) below:

@Given("the user opens Cucumber website")
public void the_user_opens_cucumber_website() {
    // Write code here that turns the phrase above into concrete actions
    throw new io.cucumber.java.PendingException();
}
@When("the user clicks on the {string} section")
public void the_user_clicks_on_the_section(String string) {
    // Write code here that turns the phrase above into concrete actions
    throw new io.cucumber.java.PendingException();
}
@When("the user clicks on the {string} item")
public void the_user_clicks_on_the_item(String string) {
    // Write code here that turns the phrase above into concrete actions
    throw new io.cucumber.java.PendingException();
}
@Then("page with title {string} is displayed")
public void page_with_title_is_displayed(String string) {
    // Write code here that turns the phrase above into concrete actions
    throw new io.cucumber.java.PendingException();
}

</failure>
    <system-out><![CDATA[
@smoke
Scenario: Docs sections should contains appropriate columns # com/it_academy/testng/features/MenuSections.feature:6
  Given the user opens Cucumber website
  When the user clicks on the "Docs" section
  And the user clicks on the "Gherkin Syntax" item
  Then page with title "Gherkin Syntax" is displayed
]]></system-out>
  </testcase>
</testsuite>